# JRE version: Java(TM) SE Runtime Environment (8.0_171-b11) (build 1.8.0_171-b11)
# Java VM: Java HotSpot(TM) 64-Bit Server VM (25.171-b11 mixed mode windows-amd64 compressed oops)
Heap:
 PSYoungGen      total 282112K, used 141141K [0x00000000d5580000, 0x00000000eb880000, 0x0000000100000000)
  eden space 269824K, 47% used [0x00000000d5580000,0x00000000dd35be88,0x00000000e5d00000)
  from space 12288K, 99% used [0x00000000e6c00000,0x00000000e77f9820,0x00000000e7800000)
  to   space 15360K, 0% used [0x00000000e5d00000,0x00000000e5d00000,0x00000000e6c00000)
 ParOldGen       total 90624K, used 19577K [0x0000000080000000, 0x0000000085880000, 0x00000000d5580000)
  object space 90624K, 21% used [0x0000000080000000,0x000000008131e5f0,0x0000000085880000)
 Metaspace       used 49353K, capacity 49820K, committed 50352K, reserved 1093632K
  class space    used 6359K, capacity 6481K, committed 6576K, reserved 1048576K
GC Heap History (10 events):
Event: 6.954 GC heap before
{Heap before GC invocations=8 (full 1):
 PSYoungGen      total 140800K, used 8193K [0x00000000d5580000, 0x00000000e6a80000, 0x0000000100000000)
  eden space 132096K, 0% used [0x00000000d5580000,0x00000000d5580000,0x00000000dd680000)
  from space 8704K, 94% used [0x00000000dd680000,0x00000000dde80648,0x00000000ddf00000)
  to   space 9728K, 0% used [0x00000000e6100000,0x00000000e6100000,0x00000000e6a80000)
 ParOldGen       total 87552K, used 4985K [0x0000000080000000, 0x0000000085580000, 0x00000000d5580000)
  object space 87552K, 5% used [0x0000000080000000,0x00000000804de670,0x0000000085580000)
 Metaspace       used 20917K, capacity 21112K, committed 21296K, reserved 1067008K
  class space    used 2760K, capacity 2856K, committed 2864K, reserved 1048576K
Event: 7.029 GC heap after
Heap after GC invocations=8 (full 1):
 PSYoungGen      total 140800K, used 0K [0x00000000d5580000, 0x00000000e6a80000, 0x0000000100000000)
  eden space 132096K, 0% used [0x00000000d5580000,0x00000000d5580000,0x00000000dd680000)
  from space 8704K, 0% used [0x00000000dd680000,0x00000000dd680000,0x00000000ddf00000)
  to   space 9728K, 0% used [0x00000000e6100000,0x00000000e6100000,0x00000000e6a80000)
 ParOldGen       total 60416K, used 10515K [0x0000000080000000, 0x0000000083b00000, 0x00000000d5580000)
  object space 60416K, 17% used [0x0000000080000000,0x0000000080a44d90,0x0000000083b00000)
 Metaspace       used 20917K, capacity 21112K, committed 21296K, reserved 1067008K
  class space    used 2760K, capacity 2856K, committed 2864K, reserved 1048576K
}
Event: 10.802 GC heap before
{Heap before GC invocations=9 (full 1):
 PSYoungGen      total 140800K, used 132096K [0x00000000d5580000, 0x00000000e6a80000, 0x0000000100000000)
  eden space 132096K, 100% used [0x00000000d5580000,0x00000000dd680000,0x00000000dd680000)
  from space 8704K, 0% used [0x00000000dd680000,0x00000000dd680000,0x00000000ddf00000)
  to   space 9728K, 0% used [0x00000000e6100000,0x00000000e6100000,0x00000000e6a80000)
 ParOldGen       total 60416K, used 10515K [0x0000000080000000, 0x0000000083b00000, 0x00000000d5580000)
  object space 60416K, 17% used [0x0000000080000000,0x0000000080a44d90,0x0000000083b00000)
 Metaspace       used 32391K, capacity 32652K, committed 33072K, reserved 1077248K
  class space    used 4256K, capacity 4342K, committed 4400K, reserved 1048576K
Event: 10.825 GC heap after
Heap after GC invocations=9 (full 1):
 PSYoungGen      total 212992K, used 9699K [0x00000000d5580000, 0x00000000e6a80000, 0x0000000100000000)
  eden space 203264K, 0% used [0x00000000d5580000,0x00000000d5580000,0x00000000e1c00000)
  from space 9728K, 99% used [0x00000000e6100000,0x00000000e6a78d98,0x00000000e6a80000)
  to   space 12288K, 0% used [0x00000000e5280000,0x00000000e5280000,0x00000000e5e80000)
 ParOldGen       total 60416K, used 13972K [0x0000000080000000, 0x0000000083b00000, 0x00000000d5580000)
  object space 60416K, 23% used [0x0000000080000000,0x0000000080da5120,0x0000000083b00000)
 Metaspace       used 32391K, capacity 32652K, committed 33072K, reserved 1077248K
  class space    used 4256K, capacity 4342K, committed 4400K, reserved 1048576K
}
Event: 11.461 GC heap before
{Heap before GC invocations=10 (full 1):
 PSYoungGen      total 212992K, used 33997K [0x00000000d5580000, 0x00000000e6a80000, 0x0000000100000000)
  eden space 203264K, 11% used [0x00000000d5580000,0x00000000d6d3a928,0x00000000e1c00000)
  from space 9728K, 99% used [0x00000000e6100000,0x00000000e6a78d98,0x00000000e6a80000)
  to   space 12288K, 0% used [0x00000000e5280000,0x00000000e5280000,0x00000000e5e80000)
 ParOldGen       total 60416K, used 13972K [0x0000000080000000, 0x0000000083b00000, 0x00000000d5580000)
  object space 60416K, 23% used [0x0000000080000000,0x0000000080da5120,0x0000000083b00000)
 Metaspace       used 34889K, capacity 35116K, committed 35496K, reserved 1081344K
  class space    used 4567K, capacity 4630K, committed 4656K, reserved 1048576K
Event: 11.474 GC heap after
Heap after GC invocations=10 (full 1):
 PSYoungGen      total 271360K, used 7766K [0x00000000d5580000, 0x00000000e7800000, 0x0000000100000000)
  eden space 259072K, 0% used [0x00000000d5580000,0x00000000d5580000,0x00000000e5280000)
  from space 12288K, 63% used [0x00000000e5280000,0x00000000e5a15a98,0x00000000e5e80000)
  to   space 12288K, 0% used [0x00000000e6c00000,0x00000000e6c00000,0x00000000e7800000)
 ParOldGen       total 60416K, used 13980K [0x0000000080000000, 0x0000000083b00000, 0x00000000d5580000)
  object space 60416K, 23% used [0x0000000080000000,0x0000000080da7120,0x0000000083b00000)
 Metaspace       used 34889K, capacity 35116K, committed 35496K, reserved 1081344K
  class space    used 4567K, capacity 4630K, committed 4656K, reserved 1048576K
}
Event: 11.474 GC heap before
{Heap before GC invocations=11 (full 2):
 PSYoungGen      total 271360K, used 7766K [0x00000000d5580000, 0x00000000e7800000, 0x0000000100000000)
  eden space 259072K, 0% used [0x00000000d5580000,0x00000000d5580000,0x00000000e5280000)
  from space 12288K, 63% used [0x00000000e5280000,0x00000000e5a15a98,0x00000000e5e80000)
  to   space 12288K, 0% used [0x00000000e6c00000,0x00000000e6c00000,0x00000000e7800000)
 ParOldGen       total 60416K, used 13980K [0x0000000080000000, 0x0000000083b00000, 0x00000000d5580000)
  object space 60416K, 23% used [0x0000000080000000,0x0000000080da7120,0x0000000083b00000)
 Metaspace       used 34889K, capacity 35116K, committed 35496K, reserved 1081344K
  class space    used 4567K, capacity 4630K, committed 4656K, reserved 1048576K
Event: 11.553 GC heap after
Heap after GC invocations=11 (full 2):
 PSYoungGen      total 271360K, used 0K [0x00000000d5580000, 0x00000000e7800000, 0x0000000100000000)
  eden space 259072K, 0% used [0x00000000d5580000,0x00000000d5580000,0x00000000e5280000)
  from space 12288K, 0% used [0x00000000e5280000,0x00000000e5280000,0x00000000e5e80000)
  to   space 12288K, 0% used [0x00000000e6c00000,0x00000000e6c00000,0x00000000e7800000)
 ParOldGen       total 90624K, used 15357K [0x0000000080000000, 0x0000000085880000, 0x00000000d5580000)
  object space 90624K, 16% used [0x0000000080000000,0x0000000080eff6f8,0x0000000085880000)
 Metaspace       used 34889K, capacity 35116K, committed 35496K, reserved 1081344K
  class space    used 4567K, capacity 4630K, committed 4656K, reserved 1048576K
}
Event: 15.461 GC heap before
{Heap before GC invocations=12 (full 2):
 PSYoungGen      total 271360K, used 259072K [0x00000000d5580000, 0x00000000e7800000, 0x0000000100000000)
  eden space 259072K, 100% used [0x00000000d5580000,0x00000000e5280000,0x00000000e5280000)
  from space 12288K, 0% used [0x00000000e5280000,0x00000000e5280000,0x00000000e5e80000)
  to   space 12288K, 0% used [0x00000000e6c00000,0x00000000e6c00000,0x00000000e7800000)
 ParOldGen       total 90624K, used 15357K [0x0000000080000000, 0x0000000085880000, 0x00000000d5580000)
  object space 90624K, 16% used [0x0000000080000000,0x0000000080eff6f8,0x0000000085880000)
 Metaspace       used 44030K, capacity 44420K, committed 44848K, reserved 1087488K
  class space    used 5749K, capacity 5867K, committed 5936K, reserved 1048576K
Event: 15.494 GC heap after
Heap after GC invocations=12 (full 2):
 PSYoungGen      total 282112K, used 12262K [0x00000000d5580000, 0x00000000eb880000, 0x0000000100000000)
  eden space 269824K, 0% used [0x00000000d5580000,0x00000000d5580000,0x00000000e5d00000)
  from space 12288K, 99% used [0x00000000e6c00000,0x00000000e77f9820,0x00000000e7800000)
  to   space 15360K, 0% used [0x00000000e5d00000,0x00000000e5d00000,0x00000000e6c00000)
 ParOldGen       total 90624K, used 19577K [0x0000000080000000, 0x0000000085880000, 0x00000000d5580000)
  object space 90624K, 21% used [0x0000000080000000,0x000000008131e5f0,0x0000000085880000)
 Metaspace       used 44030K, capacity 44420K, committed 44848K, reserved 1087488K
  class space    used 5749K, capacity 5867K, committed 5936K, reserved 1048576K
}

