# JRE version: Java(TM) SE Runtime Environment (8.0_171-b11) (build 1.8.0_171-b11)
# Java VM: Java HotSpot(TM) 64-Bit Server VM (25.171-b11 mixed mode windows-amd64 compressed oops)
Heap:
 PSYoungGen      total 279552K, used 115494K [0x00000000d5580000, 0x00000000eb880000, 0x0000000100000000)
  eden space 267264K, 38% used [0x00000000d5580000,0x00000000dba4afc0,0x00000000e5a80000)
  from space 12288K, 99% used [0x00000000e6980000,0x00000000e757e8e8,0x00000000e7580000)
  to   space 15360K, 0% used [0x00000000e5a80000,0x00000000e5a80000,0x00000000e6980000)
 ParOldGen       total 91136K, used 19601K [0x0000000080000000, 0x0000000085900000, 0x00000000d5580000)
  object space 91136K, 21% used [0x0000000080000000,0x0000000081324708,0x0000000085900000)
 Metaspace       used 48113K, capacity 48444K, committed 48944K, reserved 1091584K
  class space    used 6249K, capacity 6353K, committed 6448K, reserved 1048576K
GC Heap History (10 events):
Event: 7.134 GC heap before
{Heap before GC invocations=8 (full 1):
 PSYoungGen      total 140800K, used 8179K [0x00000000d5580000, 0x00000000e6a80000, 0x0000000100000000)
  eden space 132096K, 0% used [0x00000000d5580000,0x00000000d5580000,0x00000000dd680000)
  from space 8704K, 93% used [0x00000000dd680000,0x00000000dde7cdc8,0x00000000ddf00000)
  to   space 9728K, 0% used [0x00000000e6100000,0x00000000e6100000,0x00000000e6a80000)
 ParOldGen       total 87552K, used 4898K [0x0000000080000000, 0x0000000085580000, 0x00000000d5580000)
  object space 87552K, 5% used [0x0000000080000000,0x00000000804c8878,0x0000000085580000)
 Metaspace       used 20856K, capacity 21076K, committed 21296K, reserved 1067008K
  class space    used 2742K, capacity 2824K, committed 2864K, reserved 1048576K
Event: 7.215 GC heap after
Heap after GC invocations=8 (full 1):
 PSYoungGen      total 140800K, used 0K [0x00000000d5580000, 0x00000000e6a80000, 0x0000000100000000)
  eden space 132096K, 0% used [0x00000000d5580000,0x00000000d5580000,0x00000000dd680000)
  from space 8704K, 0% used [0x00000000dd680000,0x00000000dd680000,0x00000000ddf00000)
  to   space 9728K, 0% used [0x00000000e6100000,0x00000000e6100000,0x00000000e6a80000)
 ParOldGen       total 60928K, used 10452K [0x0000000080000000, 0x0000000083b80000, 0x00000000d5580000)
  object space 60928K, 17% used [0x0000000080000000,0x0000000080a35160,0x0000000083b80000)
 Metaspace       used 20856K, capacity 21076K, committed 21296K, reserved 1067008K
  class space    used 2742K, capacity 2824K, committed 2864K, reserved 1048576K
}
Event: 10.921 GC heap before
{Heap before GC invocations=9 (full 1):
 PSYoungGen      total 140800K, used 132096K [0x00000000d5580000, 0x00000000e6a80000, 0x0000000100000000)
  eden space 132096K, 100% used [0x00000000d5580000,0x00000000dd680000,0x00000000dd680000)
  from space 8704K, 0% used [0x00000000dd680000,0x00000000dd680000,0x00000000ddf00000)
  to   space 9728K, 0% used [0x00000000e6100000,0x00000000e6100000,0x00000000e6a80000)
 ParOldGen       total 60928K, used 10452K [0x0000000080000000, 0x0000000083b80000, 0x00000000d5580000)
  object space 60928K, 17% used [0x0000000080000000,0x0000000080a35160,0x0000000083b80000)
 Metaspace       used 32393K, capacity 32648K, committed 33072K, reserved 1077248K
  class space    used 4260K, capacity 4342K, committed 4400K, reserved 1048576K
Event: 10.945 GC heap after
Heap after GC invocations=9 (full 1):
 PSYoungGen      total 211456K, used 9713K [0x00000000d5580000, 0x00000000e6a80000, 0x0000000100000000)
  eden space 201728K, 0% used [0x00000000d5580000,0x00000000d5580000,0x00000000e1a80000)
  from space 9728K, 99% used [0x00000000e6100000,0x00000000e6a7c748,0x00000000e6a80000)
  to   space 12288K, 0% used [0x00000000e5280000,0x00000000e5280000,0x00000000e5e80000)
 ParOldGen       total 60928K, used 14040K [0x0000000080000000, 0x0000000083b80000, 0x00000000d5580000)
  object space 60928K, 23% used [0x0000000080000000,0x0000000080db62c8,0x0000000083b80000)
 Metaspace       used 32393K, capacity 32648K, committed 33072K, reserved 1077248K
  class space    used 4260K, capacity 4342K, committed 4400K, reserved 1048576K
}
Event: 11.626 GC heap before
{Heap before GC invocations=10 (full 1):
 PSYoungGen      total 211456K, used 33795K [0x00000000d5580000, 0x00000000e6a80000, 0x0000000100000000)
  eden space 201728K, 11% used [0x00000000d5580000,0x00000000d6d04850,0x00000000e1a80000)
  from space 9728K, 99% used [0x00000000e6100000,0x00000000e6a7c748,0x00000000e6a80000)
  to   space 12288K, 0% used [0x00000000e5280000,0x00000000e5280000,0x00000000e5e80000)
 ParOldGen       total 60928K, used 14040K [0x0000000080000000, 0x0000000083b80000, 0x00000000d5580000)
  object space 60928K, 23% used [0x0000000080000000,0x0000000080db62c8,0x0000000083b80000)
 Metaspace       used 34881K, capacity 35112K, committed 35496K, reserved 1081344K
  class space    used 4566K, capacity 4630K, committed 4656K, reserved 1048576K
Event: 11.641 GC heap after
Heap after GC invocations=10 (full 1):
 PSYoungGen      total 271360K, used 7790K [0x00000000d5580000, 0x00000000e7580000, 0x0000000100000000)
  eden space 259072K, 0% used [0x00000000d5580000,0x00000000d5580000,0x00000000e5280000)
  from space 12288K, 63% used [0x00000000e5280000,0x00000000e5a1bb70,0x00000000e5e80000)
  to   space 12288K, 0% used [0x00000000e6980000,0x00000000e6980000,0x00000000e7580000)
 ParOldGen       total 60928K, used 14048K [0x0000000080000000, 0x0000000083b80000, 0x00000000d5580000)
  object space 60928K, 23% used [0x0000000080000000,0x0000000080db82c8,0x0000000083b80000)
 Metaspace       used 34881K, capacity 35112K, committed 35496K, reserved 1081344K
  class space    used 4566K, capacity 4630K, committed 4656K, reserved 1048576K
}
Event: 11.641 GC heap before
{Heap before GC invocations=11 (full 2):
 PSYoungGen      total 271360K, used 7790K [0x00000000d5580000, 0x00000000e7580000, 0x0000000100000000)
  eden space 259072K, 0% used [0x00000000d5580000,0x00000000d5580000,0x00000000e5280000)
  from space 12288K, 63% used [0x00000000e5280000,0x00000000e5a1bb70,0x00000000e5e80000)
  to   space 12288K, 0% used [0x00000000e6980000,0x00000000e6980000,0x00000000e7580000)
 ParOldGen       total 60928K, used 14048K [0x0000000080000000, 0x0000000083b80000, 0x00000000d5580000)
  object space 60928K, 23% used [0x0000000080000000,0x0000000080db82c8,0x0000000083b80000)
 Metaspace       used 34881K, capacity 35112K, committed 35496K, reserved 1081344K
  class space    used 4566K, capacity 4630K, committed 4656K, reserved 1048576K
Event: 11.718 GC heap after
Heap after GC invocations=11 (full 2):
 PSYoungGen      total 271360K, used 0K [0x00000000d5580000, 0x00000000e7580000, 0x0000000100000000)
  eden space 259072K, 0% used [0x00000000d5580000,0x00000000d5580000,0x00000000e5280000)
  from space 12288K, 0% used [0x00000000e5280000,0x00000000e5280000,0x00000000e5e80000)
  to   space 12288K, 0% used [0x00000000e6980000,0x00000000e6980000,0x00000000e7580000)
 ParOldGen       total 91136K, used 15319K [0x0000000080000000, 0x0000000085900000, 0x00000000d5580000)
  object space 91136K, 16% used [0x0000000080000000,0x0000000080ef5da0,0x0000000085900000)
 Metaspace       used 34881K, capacity 35112K, committed 35496K, reserved 1081344K
  class space    used 4566K, capacity 4630K, committed 4656K, reserved 1048576K
}
Event: 15.798 GC heap before
{Heap before GC invocations=12 (full 2):
 PSYoungGen      total 271360K, used 259072K [0x00000000d5580000, 0x00000000e7580000, 0x0000000100000000)
  eden space 259072K, 100% used [0x00000000d5580000,0x00000000e5280000,0x00000000e5280000)
  from space 12288K, 0% used [0x00000000e5280000,0x00000000e5280000,0x00000000e5e80000)
  to   space 12288K, 0% used [0x00000000e6980000,0x00000000e6980000,0x00000000e7580000)
 ParOldGen       total 91136K, used 15319K [0x0000000080000000, 0x0000000085900000, 0x00000000d5580000)
  object space 91136K, 16% used [0x0000000080000000,0x0000000080ef5da0,0x0000000085900000)
 Metaspace       used 44028K, capacity 44416K, committed 44848K, reserved 1087488K
  class space    used 5749K, capacity 5867K, committed 5936K, reserved 1048576K
Event: 15.829 GC heap after
Heap after GC invocations=12 (full 2):
 PSYoungGen      total 279552K, used 12282K [0x00000000d5580000, 0x00000000eb880000, 0x0000000100000000)
  eden space 267264K, 0% used [0x00000000d5580000,0x00000000d5580000,0x00000000e5a80000)
  from space 12288K, 99% used [0x00000000e6980000,0x00000000e757e8e8,0x00000000e7580000)
  to   space 15360K, 0% used [0x00000000e5a80000,0x00000000e5a80000,0x00000000e6980000)
 ParOldGen       total 91136K, used 19601K [0x0000000080000000, 0x0000000085900000, 0x00000000d5580000)
  object space 91136K, 21% used [0x0000000080000000,0x0000000081324708,0x0000000085900000)
 Metaspace       used 44028K, capacity 44416K, committed 44848K, reserved 1087488K
  class space    used 5749K, capacity 5867K, committed 5936K, reserved 1048576K
}

